Arguments: 
  C:\Program Files\nodejs\node.exe C:\Program Files\nodejs\node_modules\yarn\bin\yarn.js add vconsole -D

PATH: 
  C:\Program Files (x86)\Common Files\Oracle\Java\javapath;C:\Program Files (x86)\Intel\iCLS Client\;C:\Program Files\Intel\iCLS Client\;C:\Windows\system32;C:\Windows;C:\Windows\System32\Wbem;C:\Windows\System32\WindowsPowerShell\v1.0\;C:\Program Files (x86)\Intel\Intel(R) Management Engine Components\DAL;C:\Program Files\Intel\Intel(R) Management Engine Components\DAL;C:\Program Files (x86)\Intel\Intel(R) Management Engine Components\IPT;C:\Program Files\Intel\Intel(R) Management Engine Components\IPT;C:\Program Files\TortoiseSVN\bin;C:\Program Files\Git\cmd;C:\Users\heguocheng\AppData\Roaming\npm;C:\Users\caikaiquan\AppData\Roaming\npm;D:\CKQ\MySQL\bin;D:\MongoDB\Server\4.2\bin;C:\Program Files\nodejs;C:\Users\caikaiquan\AppData\Roaming\nvm;C:\Program Files\nodejs;;C:\Program Files\Git\bin;E:\Microsoft VS Code\bin;D:\MongoDB\Server\4.2\bin;%NODE_PATH%;C:\Program Files\nodejs;C:\Users\caikaiquan\AppData\Roaming\nvm;C:\Program Files\nodejs;C:\Program Files\nodejs\bin;

Yarn version: 
  1.22.10

Node version: 
  12.11.0

Platform: 
  win32 x64

Trace: 
  Error: EPERM: operation not permitted, unlink 'D:\study\vite2-study\cloud-music-app\node_modules\esbuild\esbuild.exe'

npm manifest: 
  {
    "name": "cloud-music-app",
    "version": "0.0.0",
    "scripts": {
      "dev": "vite --mode dev",
      "build": "vite build --mode prod",
      "serve": "vite preview"
    },
    "dependencies": {
      "axios": "^0.21.1",
      "crypto-js": "^4.0.0",
      "vant": "^3.0.9",
      "vue": "^3.0.5",
      "vue-router": "^4.0.5",
      "vuex": "^4.0.0"
    },
    "devDependencies": {
      "@vitejs/plugin-vue": "^1.1.5",
      "@vue/compiler-sfc": "^3.0.5",
      "less": "^4.1.1",
      "less-loader": "^8.0.0",
      "postcss-pxtorem": "^6.0.0",
      "vite": "^2.0.5"
    },
    "license": "ISC"
  }

yarn manifest: 
  No manifest

Lockfile: 
  No lockfile
